3.000000 6.000000 7.000000 5.000000 3.000000 5.000000 6.000000 2.000000
9.000000 1.000000 2.000000 7.000000 0.000000 9.000000 3.000000 6.000000
0.000000 6.000000 2.000000 6.000000 1.000000 8.000000 7.000000 9.000000
2.000000 0.000000 2.000000 3.000000 7.000000 5.000000 9.000000 2.000000
2.000000 8.000000 9.000000 7.000000 3.000000 6.000000 1.000000 2.000000
9.000000 3.000000 1.000000 9.000000 4.000000 7.000000 8.000000 4.000000
5.000000 0.000000 3.000000 6.000000 1.000000 0.000000 6.000000 3.000000
2.000000 0.000000 6.000000 1.000000 5.000000 5.000000 4.000000
7.000000 6.000000 5.000000 6.000000 9.000000 3.000000 7.000000
4.000000 5.000000 2.000000 5.000000 4.000000 7.000000 4.000000
4.000000 3.000000 0.000000 7.000000 8.000000 6.000000 8.000000
8.000000 4.000000 3.000000 1.000000 4.000000 9.000000 2.000000
0.000000 6.000000 8.000000 9.000000 2.000000 6.000000 6.000000
4.000000 9.000000 5.000000 0.000000 4.000000 8.000000 7.000000
1.000000 7.000000 2.000000 7.000000 2.000000 2.000000 6.000000
1.000000 0.000000 6.000000 1.000000 5.000000 9.000000 4.000000 9.000000
0.000000 9.000000 1.000000 7.000000 7.000000 1.000000 1.000000 5.000000
9.000000 7.000000 7.000000 6.000000 7.000000 3.000000 6.000000 5.000000
6.000000 3.000000 9.000000 4.000000 8.000000 1.000000 2.000000 9.000000
3.000000 9.000000 0.000000 8.000000 8.000000 5.000000 0.000000 9.000000
6.000000 3.000000 8.000000 5.000000 6.000000 1.000000 1.000000 5.000000
9.000000 8.000000 4.000000 8.000000 1.000000 0.000000 3.000000 0.000000
4.000000 4.000000 4.000000 4.000000 7.000000 6.000000 3.000000
1.000000 7.000000 5.000000 9.000000 6.000000 2.000000 1.000000
7.000000 8.000000 5.000000 7.000000 4.000000 1.000000 8.000000
5.000000 9.000000 7.000000 5.000000 3.000000 8.000000 8.000000
3.000000 1.000000 8.000000 9.000000 6.000000 4.000000 3.000000
3.000000 3.000000 8.000000 6.000000 0.000000 4.000000 8.000000
8.000000 8.000000 9.000000 7.000000 7.000000 6.000000 4.000000
3.000000 0.000000 3.000000 0.000000 9.000000 2.000000 5.000000
146.000000 196.000000 145.000000 171.000000 187.000000 221.000000 212.000000
79.000000 160.000000 162.000000 197.000000 160.000000 194.000000 218.000000
119.000000 242.000000 154.000000 224.000000 176.000000 199.000000 251.000000
118.000000 172.000000 126.000000 99.000000 120.000000 211.000000 159.000000
154.000000 185.000000 136.000000 215.000000 206.000000 214.000000 217.000000
147.000000 208.000000 187.000000 190.000000 218.000000 265.000000 263.000000
81.000000 112.000000 75.000000 84.000000 119.000000 145.000000 142.000000
3725.000000 4573.000000 5381.000000 5382.000000 5104.000000 3799.000000 4455.000000
6379.000000 7752.000000 9580.000000 9455.000000 9038.000000 6555.000000 7936.000000
4556.000000 5439.000000 6620.000000 6596.000000 6361.000000 4508.000000 5605.000000
5202.000000 6370.000000 7640.000000 7613.000000 7386.000000 5328.000000 6467.000000
4587.000000 5226.000000 6692.000000 6492.000000 6190.000000 4418.000000 5762.000000
5928.000000 7296.000000 8333.000000 8536.000000 8231.000000 5855.000000 6870.000000
5262.000000 6758.000000 7869.000000 7982.000000 7367.000000 5496.000000 6393.000000
3920.000000 4975.000000 5720.000000 5859.000000 5615.000000 4008.000000 4676.000000
227258453.000000 279545582.000000 331772590.000000 333223053.000000 318042780.000000 230247864.000000 275780959.000000
204758473.000000 252001342.000000 298956082.000000 300328244.000000 286543244.000000 207489443.000000 248449369.000000
237331138.000000 292073911.000000 346387863.000000 348013926.000000 332087672.000000 240460068.000000 287877070.000000
181661523.000000 223606303.000000 265153391.000000 266403968.000000 254273732.000000 184122775.000000 220329349.000000
234331167.000000 288130360.000000 342138058.000000 343559578.000000 327869534.000000 237352421.000000 284452499.000000
262516973.000000 322978068.000000 383296786.000000 384984927.000000 367429704.000000 266017778.000000 318588273.000000
134642742.000000 165607744.000000 196579824.000000 197413657.000000 188437460.000000 136434501.000000 163424770.000000
